{"C:\\Users\\delfi\\OneDrive\\Documents\\taller-software\\location\\src\\modules\\locations\\location.service.js": {"path":"C:\\Users\\delfi\\OneDrive\\Documents\\taller-software\\location\\src\\modules\\locations\\location.service.js","statementMap":{"0":{"start":{"line":1,"column":31},"end":{"line":1,"column":63}},"1":{"start":{"line":2,"column":21},"end":{"line":2,"column":62}},"2":{"start":{"line":3,"column":16},"end":{"line":3,"column":43}},"3":{"start":{"line":5,"column":24},"end":{"line":27,"column":1}},"4":{"start":{"line":11,"column":31},"end":{"line":11,"column":76}},"5":{"start":{"line":12,"column":25},"end":{"line":12,"column":72}},"6":{"start":{"line":14,"column":4},"end":{"line":22,"column":5}},"7":{"start":{"line":15,"column":37},"end":{"line":15,"column":101}},"8":{"start":{"line":16,"column":6},"end":{"line":21,"column":7}},"9":{"start":{"line":17,"column":8},"end":{"line":20,"column":10}},"10":{"start":{"line":24,"column":4},"end":{"line":24,"column":63}},"11":{"start":{"line":25,"column":4},"end":{"line":25,"column":48}},"12":{"start":{"line":29,"column":0},"end":{"line":29,"column":37}}},"fnMap":{"0":{"name":"(anonymous_0)","decl":{"start":{"line":7,"column":2},"end":{"line":7,"column":3}},"loc":{"start":{"line":7,"column":56},"end":{"line":26,"column":3}},"line":7}},"branchMap":{"0":{"loc":{"start":{"line":14,"column":4},"end":{"line":22,"column":5}},"type":"if","locations":[{"start":{"line":14,"column":4},"end":{"line":22,"column":5}},{"start":{},"end":{}}],"line":14},"1":{"loc":{"start":{"line":16,"column":6},"end":{"line":21,"column":7}},"type":"if","locations":[{"start":{"line":16,"column":6},"end":{"line":21,"column":7}},{"start":{},"end":{}}],"line":16}},"s":{"0":1,"1":1,"2":1,"3":1,"4":6,"5":6,"6":6,"7":4,"8":4,"9":2,"10":4,"11":4,"12":1},"f":{"0":6},"b":{"0":[4,2],"1":[2,2]},"_coverageSchema":"1a1c01bbd47fc00a2c39e90264f33305004495a9","hash":"e92014318b521230dd87ccb2ebadff64c661ea5c"}
}
